23:04:35.246 INFO  List.AuthorDetailController : Now showing: Full Name: Ragnar Ragnarson
23:04:53.982 INFO  List.AuthorDetailController : Author's info is saved
23:05:32.534 INFO  List.AuthorDetailController : Author's info is saved
23:05:43.806 INFO  List.AuthorDetailController : Now showing: Full Name: Jheremi Villarreal
23:06:35.208 INFO  List.AuthorDetailController : Now showing: Full Name: Ragnar Ragnarson
23:06:35.300 INFO  List.AuthorDetailController : Author's info is saved
23:36:15.314 INFO  List.AuthorDetailController : Now showing: Full Name: Ragnar Ragnarson
23:37:08.860 INFO  List.AuthorDetailController : Author's info is saved
23:37:13.076 INFO  List.AuthorDetailController : Author's info is saved
23:44:28.446 INFO  List.AuthorDetailController : Now showing: Full Name: Ragnar Ragnarson
23:52:10.243 INFO  List.AuthorDetailController : Now showing: Full Name: Ragnar Ragnarson
23:52:42.741 INFO  List.AuthorDetailController : Now showing: Full Name: Ragnar Ragnarson
23:52:42.923 INFO  List.AuthorDetailController : Author's info is saved
23:57:01.463 INFO  List.AuthorDetailController : Now showing: Full Name: Ragnar Ragnarson
17:50:29.876 INFO  Controller.AuthorDetailController : Now showing: Full Name: Ragnar Ragnarson
17:50:44.245 INFO  Controller.AuthorDetailController : Now showing: Full Name: Ragnar Ragnarson
17:50:44.431 INFO  Controller.AuthorDetailController : Author's info is saved
23:57:06.874 INFO  View.Launcher : Creating connection...
23:57:08.017 INFO  View.Launcher : start() called
23:57:08.146 INFO  View.Launcher : Closing connection...
<<<<<<< HEAD
18:22:20.736 INFO  View.Launcher : Creating connection...
18:22:42.154 FATAL View.Launcher : Cannot connect to db
18:23:13.286 INFO  View.Launcher : Creating connection...
18:23:34.423 FATAL View.Launcher : Cannot connect to db
=======
19:32:24.707 INFO  View.Launcher : Creating connection...
19:32:25.291 INFO  View.Launcher : start() called
19:32:26.032 INFO  View.Launcher : Closing connection...
19:35:06.682 INFO  View.Launcher : Creating connection...
19:35:07.021 INFO  View.Launcher : start() called
19:35:07.034 INFO  View.Launcher : Closing connection...
19:35:25.021 INFO  View.Launcher : Creating connection...
19:35:25.346 INFO  View.Launcher : start() called
19:35:25.455 INFO  View.Launcher : Closing connection...
19:38:41.562 INFO  View.Launcher : Creating connection...
19:38:41.894 INFO  View.Launcher : start() called
19:38:41.999 INFO  View.Launcher : Closing connection...
19:41:41.375 INFO  View.Launcher : Creating connection...
19:41:41.671 INFO  View.Launcher : start() called
19:41:41.779 INFO  View.Launcher : Closing connection...
19:41:56.186 INFO  View.Launcher : Creating connection...
19:41:56.516 INFO  View.Launcher : start() called
19:41:56.622 INFO  View.Launcher : Closing connection...
19:48:55.081 INFO  View.Launcher : Creating connection...
19:48:55.410 INFO  View.Launcher : start() called
19:48:55.517 INFO  View.Launcher : Closing connection...
19:50:34.289 INFO  View.Launcher : Creating connection...
19:50:34.621 INFO  View.Launcher : start() called
19:50:43.469 INFO  View.Launcher : Closing connection...
19:57:45.683 INFO  View.Launcher : Creating connection...
19:57:46.113 INFO  View.Launcher : start() called
19:59:03.350 INFO  View.Launcher : Creating connection...
19:59:03.640 INFO  View.Launcher : start() called
19:59:09.838 INFO  View.Launcher : Closing connection...
20:02:00.455 INFO  View.Launcher : Creating connection...
20:02:00.754 INFO  View.Launcher : start() called
20:02:07.847 INFO  View.Launcher : Closing connection...
20:02:47.586 INFO  View.Launcher : Creating connection...
20:02:47.883 INFO  View.Launcher : start() called
20:02:53.463 INFO  View.Launcher : Closing connection...
20:03:28.242 INFO  View.Launcher : Creating connection...
20:03:28.538 INFO  View.Launcher : start() called
20:03:37.304 INFO  View.Launcher : Closing connection...
20:07:42.570 INFO  View.Launcher : Creating connection...
20:07:42.869 INFO  View.Launcher : start() called
20:07:48.477 INFO  View.Launcher : Closing connection...
20:08:23.178 INFO  View.Launcher : Creating connection...
20:08:23.476 INFO  View.Launcher : start() called
20:08:28.757 INFO  View.Launcher : Closing connection...
20:09:35.806 INFO  View.Launcher : Creating connection...
20:09:36.115 INFO  View.Launcher : start() called
20:09:40.995 INFO  View.Launcher : Closing connection...
20:09:50.864 INFO  View.Launcher : Creating connection...
20:09:51.169 INFO  View.Launcher : start() called
20:09:56.151 INFO  View.Launcher : Closing connection...
>>>>>>> branch 'master' of https://github.com/JVILL16/AuthorAssignment2.git
21:26:16.724 INFO  View.Launcher : Creating connection...
21:26:17.180 INFO  View.Launcher : start() called
21:26:17.192 INFO  View.Launcher : Closing connection...
21:26:41.965 INFO  View.Launcher : Creating connection...
21:26:42.468 INFO  View.Launcher : start() called
21:26:42.493 INFO  View.Launcher : Closing connection...
21:26:50.719 INFO  View.Launcher : Creating connection...
21:26:51.174 INFO  View.Launcher : start() called
21:26:55.876 INFO  View.Launcher : Closing connection...
21:39:34.150 INFO  View.Launcher : Creating connection...
21:39:34.603 INFO  View.Launcher : start() called
21:39:34.716 INFO  View.Launcher : Closing connection...
21:40:20.250 INFO  View.Launcher : Creating connection...
21:40:20.779 INFO  View.Launcher : start() called
21:40:20.886 INFO  View.Launcher : Closing connection...
21:43:28.667 INFO  View.Launcher : Creating connection...
21:43:29.164 INFO  View.Launcher : start() called
21:43:29.337 INFO  View.Launcher : Closing connection...
21:47:03.739 INFO  View.Launcher : Creating connection...
21:47:04.234 INFO  View.Launcher : start() called
21:47:04.371 INFO  View.Launcher : Closing connection...
21:54:19.796 INFO  View.Launcher : Creating connection...
21:54:20.316 INFO  View.Launcher : start() called
21:54:20.445 INFO  View.Launcher : Closing connection...
21:56:47.912 INFO  View.Launcher : Creating connection...
21:56:48.412 INFO  View.Launcher : start() called
21:56:54.068 INFO  View.AppController : Author list menu item clicked
21:56:59.620 INFO  View.AppController : Quit menu item clicked
21:56:59.626 INFO  View.Launcher : Closing connection...
21:57:13.564 INFO  View.Launcher : Creating connection...
21:57:14.019 INFO  View.Launcher : start() called
21:59:09.325 INFO  View.AppController : Author list menu item clicked
21:59:12.921 INFO  View.Launcher : Closing connection...
22:03:51.006 INFO  View.Launcher : Creating connection...
22:03:51.429 INFO  View.Launcher : start() called
22:03:54.661 INFO  View.AppController : Author list failed
22:03:54.662 INFO  View.AppController : Author list menu item clicked
22:04:06.053 INFO  View.Launcher : Closing connection...
22:11:21.546 INFO  View.Launcher : Creating connection...
22:11:22.052 INFO  View.Launcher : start() called
22:11:24.613 INFO  View.AppController : Author list failed
22:11:24.614 INFO  View.AppController : Author list menu item clicked
22:11:33.270 INFO  View.Launcher : Closing connection...
22:12:41.774 INFO  View.Launcher : Creating connection...
22:12:42.274 INFO  View.Launcher : start() called
22:12:57.695 INFO  View.AppController : Author list failed
22:12:57.696 INFO  View.AppController : Author list menu item clicked
22:13:00.051 INFO  View.Launcher : Closing connection...
22:14:11.051 INFO  View.Launcher : Creating connection...
22:14:11.526 INFO  View.Launcher : start() called
22:14:14.284 INFO  View.AppController : Author list failed
22:14:14.284 INFO  View.AppController : Author list menu item clicked
22:14:16.814 INFO  View.Launcher : Closing connection...
22:19:33.437 INFO  View.Launcher : Creating connection...
22:19:34.103 INFO  View.Launcher : start() called
22:19:45.469 INFO  View.AppController : Author list failed
22:19:45.470 INFO  View.AppController : Author list menu item clicked
22:20:06.872 INFO  View.Launcher : Closing connection...
22:24:42.007 INFO  View.Launcher : Creating connection...
22:24:42.522 INFO  View.Launcher : start() called
22:24:45.531 INFO  View.AppController : Author list failed
22:24:45.532 INFO  View.AppController : Author list menu item clicked
22:24:48.960 INFO  View.Launcher : Closing connection...
22:25:54.761 INFO  View.Launcher : Creating connection...
22:25:55.250 INFO  View.Launcher : start() called
22:25:58.729 INFO  View.AppController : Author list failed
22:25:58.730 INFO  View.AppController : Author list menu item clicked
22:26:01.890 INFO  View.Launcher : Closing connection...
23:17:39.765 INFO  View.Launcher : Creating connection...
23:17:40.244 INFO  View.Launcher : start() called
23:17:42.776 INFO  View.AppController : Author list failed
23:17:42.778 INFO  View.AppController : Author list menu item clicked
23:17:45.674 INFO  View.Launcher : Closing connection...
23:26:23.855 INFO  View.Launcher : Creating connection...
23:26:24.409 INFO  View.Launcher : start() called
23:26:27.173 INFO  View.AppController : Author list failed
23:26:27.174 INFO  View.AppController : Author list menu item clicked
23:26:32.029 INFO  View.AppController : Author list failed
23:26:32.030 INFO  View.AppController : Author list menu item clicked
23:26:35.941 INFO  View.Launcher : Closing connection...
23:31:13.722 INFO  View.Launcher : Creating connection...
23:31:14.263 INFO  View.Launcher : start() called
23:31:16.594 INFO  View.AppController : Author list failed
23:31:16.595 INFO  View.AppController : Author list menu item clicked
23:31:19.731 INFO  View.Launcher : Closing connection...
23:35:11.537 INFO  View.Launcher : Creating connection...
23:35:12.061 INFO  View.Launcher : start() called
23:35:15.495 INFO  View.AppController : Author list failed
23:35:15.495 INFO  View.AppController : Author list menu item clicked
23:35:22.043 INFO  View.Launcher : Closing connection...
23:39:01.519 INFO  View.Launcher : Creating connection...
23:39:02.028 INFO  View.Launcher : start() called
23:39:04.203 INFO  View.AppController : Author list failed
23:39:04.205 INFO  View.AppController : Author list menu item clicked
23:39:06.108 INFO  View.Launcher : Closing connection...
23:43:22.173 INFO  View.Launcher : Creating connection...
23:43:22.749 INFO  View.Launcher : start() called
23:43:25.307 INFO  View.AppController : Author list failed
23:43:25.308 INFO  View.AppController : Author list menu item clicked
23:43:28.998 INFO  View.Launcher : Closing connection...
23:49:13.752 INFO  View.Launcher : Creating connection...
23:49:14.305 INFO  View.Launcher : start() called
23:49:17.002 INFO  View.AppController : Author list failed
23:49:17.003 INFO  View.AppController : Author list menu item clicked
23:49:19.095 INFO  View.Launcher : Closing connection...
23:52:44.360 INFO  View.Launcher : Creating connection...
23:52:44.912 INFO  View.Launcher : start() called
23:52:48.361 INFO  View.AppController : Author list failed
23:52:48.362 INFO  View.AppController : Author list menu item clicked
23:52:52.058 INFO  View.Launcher : Closing connection...
23:57:25.000 INFO  View.Launcher : Creating connection...
23:57:25.509 INFO  View.Launcher : start() called
23:57:29.633 INFO  View.AppController : Author list failed
23:57:29.635 INFO  View.AppController : Author list menu item clicked
23:57:31.828 INFO  View.Launcher : Closing connection...
23:58:28.190 INFO  View.Launcher : Creating connection...
23:58:28.774 INFO  View.Launcher : start() called
23:58:31.591 INFO  View.AppController : Author list failed
23:58:31.592 INFO  View.AppController : Author list menu item clicked
23:58:34.301 INFO  View.Launcher : Closing connection...
23:59:29.444 INFO  View.Launcher : Creating connection...
23:59:29.973 INFO  View.Launcher : start() called
23:59:32.498 INFO  View.AppController : Author list failed
23:59:32.500 INFO  View.AppController : Author list menu item clicked
23:59:34.711 INFO  View.Launcher : Closing connection...
00:09:47.032 INFO  View.Launcher : Creating connection...
00:09:47.478 INFO  View.Launcher : start() called
00:09:50.454 INFO  View.AppController : Author list failed
00:09:50.456 INFO  View.AppController : Author list menu item clicked
00:09:52.712 INFO  View.Launcher : Closing connection...
00:11:06.269 INFO  View.Launcher : Creating connection...
00:11:07.077 INFO  View.Launcher : start() called
00:11:09.409 INFO  View.AppController : Author list failed
00:11:09.410 INFO  View.AppController : Author list menu item clicked
00:11:11.457 INFO  View.Launcher : Closing connection...
00:15:25.508 INFO  View.Launcher : Creating connection...
00:15:26.118 INFO  View.Launcher : start() called
00:15:43.378 INFO  View.AppController : Author list failed
00:15:43.379 INFO  View.AppController : Author list menu item clicked
00:15:49.190 INFO  View.Launcher : Closing connection...
00:15:51.672 INFO  View.Launcher : Creating connection...
00:15:52.177 INFO  View.Launcher : start() called
00:15:55.155 INFO  View.AppController : Author list failed
00:15:55.156 INFO  View.AppController : Author list menu item clicked
00:15:58.048 INFO  View.Launcher : Closing connection...
00:16:26.445 INFO  View.Launcher : Creating connection...
00:16:26.919 INFO  View.Launcher : start() called
00:16:30.222 INFO  View.AppController : Author list failed
00:16:30.223 INFO  View.AppController : Author list menu item clicked
00:16:32.397 INFO  View.Launcher : Closing connection...
00:19:32.826 INFO  View.Launcher : Creating connection...
00:19:33.358 INFO  View.Launcher : start() called
00:19:35.873 INFO  View.AppController : Author list failed
00:19:35.873 INFO  View.AppController : Author list menu item clicked
00:19:37.758 INFO  View.Launcher : Closing connection...
00:26:12.277 INFO  View.Launcher : Creating connection...
00:26:12.784 INFO  View.Launcher : start() called
00:26:15.724 INFO  View.AppController : Author list failed
00:26:15.725 INFO  View.AppController : Author list menu item clicked
00:26:17.622 INFO  View.Launcher : Closing connection...
00:28:09.016 INFO  View.Launcher : Creating connection...
00:28:09.642 INFO  View.Launcher : start() called
00:28:13.289 INFO  View.AppController : Author list failed
00:28:13.290 INFO  View.AppController : Author list menu item clicked
00:28:22.119 INFO  View.Launcher : Closing connection...
00:38:14.201 INFO  View.Launcher : Creating connection...
00:38:14.719 INFO  View.Launcher : start() called
00:38:17.097 INFO  View.AppController : Author list failed
00:38:17.097 INFO  View.AppController : Author list menu item clicked
00:38:19.139 INFO  View.Launcher : Closing connection...
00:41:23.740 INFO  View.Launcher : Creating connection...
00:41:24.231 INFO  View.Launcher : start() called
00:42:16.347 INFO  View.Launcher : Closing connection...
01:46:39.030 INFO  View.Launcher : Creating connection...
01:46:39.675 INFO  View.Launcher : start() called
01:46:43.185 INFO  View.AppController : Author list failed
01:46:43.186 INFO  View.AppController : Author list menu item clicked
01:46:47.362 INFO  View.Launcher : Closing connection...
01:49:52.888 INFO  View.Launcher : Creating connection...
01:49:53.614 INFO  View.Launcher : start() called
01:49:56.610 INFO  View.AppController : Author list failed
01:49:56.611 INFO  View.AppController : Author list menu item clicked
01:49:59.040 INFO  View.Launcher : Closing connection...
01:54:53.935 INFO  View.Launcher : Creating connection...
01:54:54.740 INFO  View.Launcher : start() called
01:54:57.726 INFO  View.AppController : Author list failed
01:54:57.727 INFO  View.AppController : Author list menu item clicked
01:54:59.800 INFO  View.Launcher : Closing connection...
02:04:47.353 INFO  View.Launcher : Creating connection...
02:04:48.153 INFO  View.Launcher : start() called
02:04:52.614 INFO  View.AppController : Author list failed
02:04:52.616 INFO  View.AppController : Author list menu item clicked
02:04:56.253 INFO  View.Launcher : Closing connection...
02:05:22.812 INFO  View.Launcher : Creating connection...
02:05:23.619 INFO  View.Launcher : start() called
02:05:26.374 INFO  View.AppController : Author list failed
02:05:26.375 INFO  View.AppController : Author list menu item clicked
02:05:29.275 INFO  View.Launcher : Closing connection...
02:06:02.227 INFO  View.Launcher : Creating connection...
02:06:02.847 INFO  View.Launcher : start() called
02:06:06.330 INFO  View.AppController : Author list failed
02:06:06.330 INFO  View.AppController : Author list menu item clicked
02:06:09.015 INFO  View.Launcher : Closing connection...
02:07:27.466 INFO  View.Launcher : Creating connection...
02:07:28.234 INFO  View.Launcher : start() called
02:07:30.763 INFO  View.AppController : Author list failed
02:07:30.764 INFO  View.AppController : Author list menu item clicked
02:07:33.026 INFO  View.Launcher : Closing connection...
02:08:04.254 INFO  View.Launcher : Creating connection...
02:08:04.960 INFO  View.Launcher : start() called
02:08:07.614 INFO  View.AppController : Author list failed
02:08:07.615 INFO  View.AppController : Author list menu item clicked
02:08:09.412 INFO  View.Launcher : Closing connection...
02:12:31.317 INFO  View.Launcher : Creating connection...
02:12:32.216 INFO  View.Launcher : start() called
02:12:35.382 INFO  View.AppController : Author list failed
02:12:35.383 INFO  View.AppController : Author list menu item clicked
02:12:37.733 INFO  View.Launcher : Closing connection...
02:14:01.745 INFO  View.Launcher : Creating connection...
02:14:01.790 FATAL View.Launcher : Cannot connect to db
02:14:29.214 INFO  View.Launcher : Creating connection...
02:14:30.128 INFO  View.Launcher : start() called
02:14:35.155 INFO  View.AppController : Author list failed
02:14:35.156 INFO  View.AppController : Author list menu item clicked
02:14:38.816 INFO  View.AppController : Quit menu item clicked
02:14:38.818 INFO  View.Launcher : Closing connection...
02:23:50.609 INFO  View.Launcher : Creating connection...
02:23:51.263 INFO  View.Launcher : start() called
02:23:54.343 INFO  View.AppController : Author list failed
02:23:54.344 INFO  View.AppController : Author list menu item clicked
02:23:56.075 INFO  View.Launcher : Closing connection...
02:24:42.308 INFO  View.Launcher : Creating connection...
02:24:42.970 INFO  View.Launcher : start() called
02:24:45.396 INFO  View.AppController : Author list failed
02:24:45.397 INFO  View.AppController : Author list menu item clicked
02:24:47.464 INFO  View.Launcher : Closing connection...
02:25:46.114 INFO  View.Launcher : Creating connection...
02:25:46.786 INFO  View.Launcher : start() called
02:25:49.298 INFO  View.AppController : Author list failed
02:25:49.300 INFO  View.AppController : Author list menu item clicked
02:25:51.007 INFO  View.Launcher : Closing connection...
16:16:26.646 INFO  View.Launcher : Creating connection...
16:16:26.971 INFO  View.Launcher : start() called
16:16:31.437 INFO  View.AppController : Author list failed
16:16:31.437 INFO  View.AppController : Author list menu item clicked
16:36:51.822 INFO  View.Launcher : Creating connection...
16:36:52.120 INFO  View.Launcher : start() called
16:36:54.928 INFO  View.AppController : Author list failed
16:36:54.929 INFO  View.AppController : Author list menu item clicked
16:36:56.995 INFO  View.Launcher : Closing connection...
16:37:24.076 INFO  View.Launcher : Closing connection...
16:41:29.245 INFO  View.Launcher : Creating connection...
16:41:29.595 INFO  View.Launcher : start() called
16:41:32.360 INFO  View.AppController : Author list failed
16:41:32.361 INFO  View.AppController : Author list menu item clicked
16:41:36.100 INFO  View.Launcher : Closing connection...
16:47:01.874 INFO  View.Launcher : Creating connection...
16:47:02.269 INFO  View.Launcher : start() called
16:47:07.527 INFO  View.AppController : Author list failed
16:47:07.529 INFO  View.AppController : Author list menu item clicked
16:47:09.067 INFO  View.Launcher : Closing connection...
16:51:03.063 INFO  View.Launcher : Creating connection...
16:51:03.370 INFO  View.Launcher : start() called
16:51:06.322 INFO  View.AppController : Author list failed
16:51:06.323 INFO  View.AppController : Author list menu item clicked
16:51:08.330 INFO  View.Launcher : Closing connection...
16:53:04.453 INFO  View.Launcher : Creating connection...
16:53:04.814 INFO  View.Launcher : start() called
16:53:07.685 INFO  View.AppController : Author list failed
16:53:07.686 INFO  View.AppController : Author list menu item clicked
16:53:09.754 INFO  View.Launcher : Closing connection...
16:55:22.418 INFO  View.Launcher : Creating connection...
16:55:22.707 INFO  View.Launcher : start() called
16:55:25.395 INFO  View.AppController : Author list failed
16:55:25.396 INFO  View.AppController : Author list menu item clicked
16:55:27.534 INFO  View.Launcher : Closing connection...
16:57:59.858 INFO  View.Launcher : Creating connection...
16:58:00.121 INFO  View.Launcher : start() called
16:58:03.631 INFO  View.AppController : Author list failed
16:58:03.632 INFO  View.AppController : Author list menu item clicked
16:58:05.686 INFO  View.Launcher : Closing connection...
17:02:43.985 INFO  View.Launcher : Creating connection...
17:02:44.330 INFO  View.Launcher : start() called
17:02:47.075 INFO  View.AppController : Author list failed
17:02:47.076 INFO  View.AppController : Author list menu item clicked
17:02:48.893 INFO  View.Launcher : Closing connection...
17:06:44.442 INFO  View.Launcher : Creating connection...
17:06:44.710 INFO  View.Launcher : start() called
17:06:46.945 INFO  View.AppController : Author list failed
17:06:46.946 INFO  View.AppController : Author list menu item clicked
17:06:49.758 INFO  View.Launcher : Closing connection...
17:13:53.124 INFO  View.Launcher : Creating connection...
17:13:53.490 INFO  View.Launcher : start() called
17:13:56.186 INFO  View.AppController : Author list failed
17:13:56.186 INFO  View.AppController : Author list menu item clicked
17:13:58.400 INFO  View.Launcher : Closing connection...
17:34:27.696 INFO  View.Launcher : Creating connection...
17:34:28.005 INFO  View.Launcher : start() called
17:34:31.321 INFO  View.AppController : Author list failed
17:34:31.322 INFO  View.AppController : Author list menu item clicked
20:53:33.736 INFO  View.Launcher : Creating connection...
20:53:34.326 INFO  View.Launcher : start() called
20:53:40.420 INFO  View.AppController : Author list failed
20:53:40.421 INFO  View.AppController : Author list menu item clicked
20:53:42.724 INFO  View.Launcher : Closing connection...
20:59:02.369 INFO  View.Launcher : Creating connection...
20:59:02.937 INFO  View.Launcher : start() called
20:59:05.916 INFO  View.AppController : Author list failed
20:59:05.917 INFO  View.AppController : Author list menu item clicked
20:59:08.114 INFO  View.Launcher : Closing connection...
22:39:18.695 INFO  View.Launcher : Creating connection...
22:39:19.284 INFO  View.Launcher : start() called
22:39:22.798 INFO  View.AppController : Author list failed
22:39:22.800 INFO  View.AppController : Author list menu item clicked
22:39:25.222 INFO  View.Launcher : Closing connection...
22:39:39.396 INFO  View.Launcher : Creating connection...
22:39:39.852 INFO  View.Launcher : start() called
22:39:42.920 INFO  View.AppController : Author list failed
22:39:42.921 INFO  View.AppController : Author list menu item clicked
22:39:45.607 INFO  View.Launcher : Closing connection...
22:47:12.687 INFO  View.Launcher : Creating connection...
22:47:13.229 INFO  View.Launcher : start() called
22:47:16.294 INFO  View.AppController : Author list failed
22:47:16.294 INFO  View.AppController : Author list menu item clicked
22:47:18.723 INFO  View.Launcher : Closing connection...
22:49:18.795 INFO  View.Launcher : Creating connection...
22:49:19.334 INFO  View.Launcher : start() called
22:49:22.479 INFO  View.AppController : Author list failed
22:49:22.480 INFO  View.AppController : Author list menu item clicked
22:49:24.939 INFO  View.Launcher : Closing connection...
23:00:54.939 INFO  View.Launcher : Creating connection...
23:00:55.572 INFO  View.Launcher : start() called
23:00:55.704 INFO  View.Launcher : Closing connection...
23:01:42.077 INFO  View.Launcher : Creating connection...
23:01:42.570 INFO  View.Launcher : start() called
23:01:42.722 INFO  View.Launcher : Closing connection...
23:05:58.019 INFO  View.Launcher : Creating connection...
23:05:58.530 INFO  View.Launcher : start() called
23:05:58.663 INFO  View.Launcher : Closing connection...
23:07:14.288 INFO  View.Launcher : Creating connection...
23:07:14.900 INFO  View.Launcher : start() called
23:07:15.021 INFO  View.Launcher : Closing connection...
23:09:22.824 INFO  View.Launcher : Creating connection...
23:09:23.313 INFO  View.Launcher : start() called
23:09:23.460 INFO  View.Launcher : Closing connection...
23:10:30.709 INFO  View.Launcher : Creating connection...
23:10:31.219 INFO  View.Launcher : start() called
23:10:34.400 INFO  View.AppController : Author list failed
23:10:34.401 INFO  View.AppController : Author list menu item clicked
23:10:37.188 INFO  View.Launcher : Closing connection...
23:12:28.237 INFO  View.Launcher : Closing connection...
23:24:25.320 INFO  View.Launcher : Creating connection...
23:24:25.787 INFO  View.Launcher : start() called
23:24:28.400 INFO  View.AppController : Author list failed
23:24:28.401 INFO  View.AppController : Author list menu item clicked
23:24:30.757 INFO  View.Launcher : Closing connection...
23:29:33.862 INFO  View.Launcher : Creating connection...
23:29:34.912 INFO  View.Launcher : start() called
23:29:38.761 INFO  View.AppController : Author list failed
23:29:38.762 INFO  View.AppController : Author list menu item clicked
23:29:41.652 INFO  View.Launcher : Closing connection...
13:05:41.042 INFO  View.Launcher : Creating connection...
13:05:41.919 INFO  View.Launcher : start() called
13:05:46.371 INFO  View.AppController : Author list failed
13:05:46.372 INFO  View.AppController : Author list menu item clicked
13:05:48.478 INFO  View.Launcher : Closing connection...
13:09:15.840 INFO  View.Launcher : Creating connection...
13:09:16.165 INFO  View.Launcher : start() called
13:09:20.374 INFO  View.AppController : Author list failed
13:09:20.375 INFO  View.AppController : Author list menu item clicked
13:09:23.057 INFO  View.Launcher : Closing connection...
13:11:56.602 INFO  View.Launcher : Creating connection...
13:11:57.104 INFO  View.Launcher : start() called
13:12:01.308 INFO  View.AppController : Author list failed
13:12:01.309 INFO  View.AppController : Author list menu item clicked
13:12:21.929 INFO  View.Launcher : Closing connection...
13:15:15.079 INFO  View.Launcher : Creating connection...
13:15:15.407 INFO  View.Launcher : start() called
13:15:18.283 INFO  View.AppController : Author list failed
13:15:18.285 INFO  View.AppController : Author list menu item clicked
13:15:20.357 INFO  View.Launcher : Closing connection...
13:22:19.169 INFO  View.Launcher : Creating connection...
13:22:19.493 INFO  View.Launcher : start() called
13:22:22.533 INFO  View.AppController : Author list failed
13:22:22.534 INFO  View.AppController : Author list menu item clicked
13:22:25.807 INFO  View.Launcher : Closing connection...
13:23:40.108 INFO  View.Launcher : Creating connection...
13:23:40.361 INFO  View.Launcher : start() called
13:23:44.124 INFO  View.AppController : Author list failed
13:23:44.126 INFO  View.AppController : Author list menu item clicked
13:23:46.762 INFO  View.Launcher : Closing connection...
13:33:27.578 INFO  View.Launcher : Creating connection...
13:33:27.999 INFO  View.Launcher : start() called
13:33:31.424 INFO  View.AppController : Author list failed
13:33:31.426 INFO  View.AppController : Author list menu item clicked
13:33:33.537 INFO  View.Launcher : Closing connection...
13:35:20.093 INFO  View.Launcher : Creating connection...
13:35:20.429 INFO  View.Launcher : start() called
13:35:23.208 INFO  View.AppController : Author list failed
13:35:23.210 INFO  View.AppController : Author list menu item clicked
13:35:25.333 INFO  View.Launcher : Closing connection...
18:17:48.079 INFO  View.Launcher : Creating connection...
18:17:48.452 INFO  View.Launcher : start() called
18:17:52.065 INFO  View.AppController : Author list failed
18:17:52.066 INFO  View.AppController : Author list menu item clicked
18:17:54.302 INFO  View.Launcher : Closing connection...
18:20:23.901 INFO  View.Launcher : Creating connection...
18:20:24.286 INFO  View.Launcher : start() called
18:20:27.000 INFO  View.AppController : Author list failed
18:20:27.000 INFO  View.AppController : Author list menu item clicked
18:20:29.152 INFO  View.Launcher : Closing connection...
18:20:59.099 INFO  View.Launcher : Creating connection...
18:20:59.397 INFO  View.Launcher : start() called
18:21:02.164 INFO  View.AppController : Author list failed
18:21:02.165 INFO  View.AppController : Author list menu item clicked
18:21:04.389 INFO  View.Launcher : Closing connection...
18:21:50.138 INFO  View.Launcher : Creating connection...
18:21:50.490 INFO  View.Launcher : start() called
18:21:53.525 INFO  View.AppController : Author list failed
18:21:53.526 INFO  View.AppController : Author list menu item clicked
18:21:55.915 INFO  View.Launcher : Closing connection...
